-I: Adding /mnt/storage_2/project_data/pl0251-02/bin/miniconda3/envs/AmberTools24/dat/leap/prep to search path.
-I: Adding /mnt/storage_2/project_data/pl0251-02/bin/miniconda3/envs/AmberTools24/dat/leap/lib to search path.
-I: Adding /mnt/storage_2/project_data/pl0251-02/bin/miniconda3/envs/AmberTools24/dat/leap/parm to search path.
-I: Adding /mnt/storage_2/project_data/pl0251-02/bin/miniconda3/envs/AmberTools24/dat/leap/cmd to search path.
-s: Ignoring all leaprc startup files.
-f: Source CIX_tleap.in.

Welcome to LEaP!
Sourcing: ./CIX_tleap.in
----- Source: /mnt/storage_2/project_data/pl0251-02/bin/miniconda3/envs/AmberTools24/dat/leap/cmd/leaprc.protein.ff19SB
----- Source of /mnt/storage_2/project_data/pl0251-02/bin/miniconda3/envs/AmberTools24/dat/leap/cmd/leaprc.protein.ff19SB done
Log file: ./leap.log
Loading parameters: /mnt/storage_2/project_data/pl0251-02/bin/miniconda3/envs/AmberTools24/dat/leap/parm/parm19.dat
Reading title:
PARM99 + frcmod.ff99SB + frcmod.parmbsc0 + OL3 for RNA + ff19SB
Loading parameters: /mnt/storage_2/project_data/pl0251-02/bin/miniconda3/envs/AmberTools24/dat/leap/parm/frcmod.ff19SB
Reading force field modification type file (frcmod)
Reading title:
ff19SB AA-specific backbone CMAPs for protein 07/25/2019
Loading library: /mnt/storage_2/project_data/pl0251-02/bin/miniconda3/envs/AmberTools24/dat/leap/lib/amino19.lib
Loading library: /mnt/storage_2/project_data/pl0251-02/bin/miniconda3/envs/AmberTools24/dat/leap/lib/aminoct12.lib
Loading library: /mnt/storage_2/project_data/pl0251-02/bin/miniconda3/envs/AmberTools24/dat/leap/lib/aminont12.lib
----- Source: /mnt/storage_2/project_data/pl0251-02/bin/miniconda3/envs/AmberTools24/dat/leap/cmd/leaprc.gaff
----- Source of /mnt/storage_2/project_data/pl0251-02/bin/miniconda3/envs/AmberTools24/dat/leap/cmd/leaprc.gaff done
Log file: ./leap.log
Loading parameters: /mnt/storage_2/project_data/pl0251-02/bin/miniconda3/envs/AmberTools24/dat/leap/parm/gaff.dat
Reading title:
AMBER General Force Field for organic molecules (Version 1.81, May 2017)
----- Source: /mnt/storage_2/project_data/pl0251-02/bin/miniconda3/envs/AmberTools24/dat/leap/cmd/leaprc.water.opc
----- Source of /mnt/storage_2/project_data/pl0251-02/bin/miniconda3/envs/AmberTools24/dat/leap/cmd/leaprc.water.opc done
Loading library: /mnt/storage_2/project_data/pl0251-02/bin/miniconda3/envs/AmberTools24/dat/leap/lib/atomic_ions.lib
Loading library: /mnt/storage_2/project_data/pl0251-02/bin/miniconda3/envs/AmberTools24/dat/leap/lib/solvents.lib
Loading parameters: /mnt/storage_2/project_data/pl0251-02/bin/miniconda3/envs/AmberTools24/dat/leap/parm/frcmod.opc
Reading force field modification type file (frcmod)
Reading title:
Parameters for OPC water (JPCL, 2014, 5 (21), pp 3863-3871)
Loading parameters: /mnt/storage_2/project_data/pl0251-02/bin/miniconda3/envs/AmberTools24/dat/leap/parm/frcmod.ionslm_126_opc
Reading force field modification type file (frcmod)
Reading title:
Li/Merz ion parameters of atomic ions for the OPC water model (12-6 set)
Loading Mol2 file: ./PT1.mol2
Reading MOLECULE named PT1
Loading Mol2 file: ./IX1.mol2
Reading MOLECULE named IX1
Loading Mol2 file: ./IX2.mol2
Reading MOLECULE named IX2
Loading Mol2 file: ./CL1.mol2
Reading MOLECULE named CL1
Loading Mol2 file: ./WT1.mol2
Reading MOLECULE named WT1
Loading parameters: ./ISX.frcmod
Reading force field modification type file (frcmod)
Reading title:
Remark line goes here
Loading parameters: /mnt/storage_2/project_data/pl0251-02/bin/miniconda3/envs/AmberTools24/dat/leap/parm/frcmod.ionslm_126_opc
Reading force field modification type file (frcmod)
Reading title:
Li/Merz ion parameters of atomic ions for the OPC water model (12-6 set)
Loading parameters: ./CIX_mcpbpy.frcmod
Reading force field modification type file (frcmod)
Reading title:
REMARK GOES HERE, THIS FILE IS GENERATED BY MCPB.PY
Loading PDB file: ./CIX_mcpbpy.pdb
  total atoms in file: 37
Writing pdb file: CIX_dry.pdb
Checking Unit.

/mnt/storage_2/project_data/pl0251-02/bin/miniconda3/envs/AmberTools24/bin/teLeap: Warning!
The unperturbed charge of the unit (1.000003) is not zero.

/mnt/storage_2/project_data/pl0251-02/bin/miniconda3/envs/AmberTools24/bin/teLeap: Note.
Ignoring the warning from Unit Checking.

Building topology.
Building atom parameters.
Building bond parameters.

/mnt/storage_2/project_data/pl0251-02/bin/miniconda3/envs/AmberTools24/bin/teLeap: Error!
Could not find bond parameter for atom types: Y4 - HO
        for atom O at position -1.116000, 0.112000, -3.037000 
        and atom H1 at position -1.336000, -0.804000, -3.283000.

/mnt/storage_2/project_data/pl0251-02/bin/miniconda3/envs/AmberTools24/bin/teLeap: Error!
Could not find bond parameter for atom types: HO - Y4
        for atom H at position -2.016000, 0.519000, -2.641000 
        and atom O at position -1.116000, 0.112000, -3.037000.
Building angle parameters.

/mnt/storage_2/project_data/pl0251-02/bin/miniconda3/envs/AmberTools24/bin/teLeap: Error!
Could not find angle parameter for atom types: HO - Y4 - HO
        for atom H at position -2.016000, 0.519000, -2.641000,
            atom O at position -1.116000, 0.112000, -3.037000,
        and atom H1 at position -1.336000, -0.804000, -3.283000.
Building proper torsion parameters.
Building improper torsion parameters.
 total 8 improper torsions applied
Building H-Bond parameters.
Incorporating Non-Bonded adjustments.

/mnt/storage_2/project_data/pl0251-02/bin/miniconda3/envs/AmberTools24/bin/teLeap: Warning!
Parameter file was not saved.
  Solute vdw bounding box:              13.217 8.896 10.247
  Total bounding box for atom centers:  33.217 28.896 30.247
  Solvent unit box:                     18.865 18.478 19.006
  Total vdw box size:                   36.472 32.030 33.355 angstroms.
  Volume: 38965.483 A^3 
  Total mass 15504.078 amu,  Density 0.661 g/cc
  Added 831 residues.

/mnt/storage_2/project_data/pl0251-02/bin/miniconda3/envs/AmberTools24/bin/teLeap: Warning!
addIons: 1st Ion & target unit have charges of the same sign:
     unit charge = 1; ion1 charge = 1;
     can't neutralize.
1 Cl- ion required to neutralize.
Adding 1 counter ions to "mol" using 1A grid
Grid extends from solute vdw + 2.36  to  8.31
Resolution:      1.00 Angstrom.
Solvent present: replacing closest with ion
	 when steric overlaps occur
Calculating grid charges
(Replacing solvent molecule)
Placed Cl- in mol at (-4.14, 2.14, -4.40).

Done adding ions.
Writing pdb file: CIX_solv.pdb
   printing CRYST1 record to PDB file with box info
Checking Unit.

/mnt/storage_2/project_data/pl0251-02/bin/miniconda3/envs/AmberTools24/bin/teLeap: Note.
Ignoring the warnings from Unit Checking.

Building topology.
Building atom parameters.
Building bond parameters.

/mnt/storage_2/project_data/pl0251-02/bin/miniconda3/envs/AmberTools24/bin/teLeap: Error!
Could not find bond parameter for atom types: Y4 - HO
        for atom O at position -1.144589, -0.137137, -3.112954 
        and atom H1 at position -1.364589, -1.053137, -3.358954.

/mnt/storage_2/project_data/pl0251-02/bin/miniconda3/envs/AmberTools24/bin/teLeap: Error!
Could not find bond parameter for atom types: HO - Y4
        for atom H at position -2.044589, 0.269863, -2.716954 
        and atom O at position -1.144589, -0.137137, -3.112954.
Building angle parameters.

/mnt/storage_2/project_data/pl0251-02/bin/miniconda3/envs/AmberTools24/bin/teLeap: Error!
Could not find angle parameter for atom types: HO - Y4 - HO
        for atom H at position -2.044589, 0.269863, -2.716954,
            atom O at position -1.144589, -0.137137, -3.112954,
        and atom H1 at position -1.364589, -1.053137, -3.358954.
Building proper torsion parameters.
Building improper torsion parameters.
 total 8 improper torsions applied
Building H-Bond parameters.
Incorporating Non-Bonded adjustments.

/mnt/storage_2/project_data/pl0251-02/bin/miniconda3/envs/AmberTools24/bin/teLeap: Warning!
Parameter file was not saved.
	Quit

Exiting LEaP: Errors = 6; Warnings = 4; Notes = 2.
