
 -----------------------------------------------
      Restrained ESP Fit 2.3  Amber 4.1
 -----------------------------------------------
 Resp charges for organic molecule                                               
 -----------------------------------------------


 inopt       =     0   ioutopt     =     1
 nmol        =     1   iqopt       =     0
 ihfree      =     1   irstrnt     =     1
 iunits      =     0   qwt         =   0.00050000
 wtmol(1) =     1.000000
 subtitle:

Resp charges for organic molecule                                               
ich =   1  iuniq =  37
    1   78    0
    2    7    0
    3    6    0
    4    6    0
    5    6    0
    6    8    0
    7    6    0
    8    1    0
    9    1    0
   10    1    0
   11    6    0
   12    1    0
   13    1    0
   14    1    0
   15    7    0
   16    8    0
   17    8    0
   18    7    0
   19    6    0
   20    6    0
   21    6    0
   22    8    0
   23    6    0
   24    1    0
   25    1    0
   26    1    0
   27    6    0
   28    1    0
   29    1    0
   30    1    0
   31    7    0
   32    8    0
   33    8    0
   34   17    0
   35    1    0
   36    8    0
   37    1    0

  ----------------------------------------------------------------------------
     ATOM                       COORDINATES                         CHARGE
                       X             Y                Z
  ----------------------------------------------------------------------------
  ----------------------------------------------------------------------------


 Charge on the molecule(ich) =    1
 Total number of atoms (iuniq)     =   37
 Weight factor on initial charge restraints(qwt)=     0.50000D-03


  there are  1 charge constraints:


     1       1
     2       1
     3       1
     4       1
     5       1
     6       1
     7       1
     8       1
     9       1
    10       1
    11       1
    12       1
    13       1
    14       1
    15       1
    16       1
    17       1
    18       1
    19       1
    20       1
    21       1
    22       1
    23       1
    24       1
    25       1
    26       1
    27       1
    28       1
    29       1
    30       1
    31       1
    32       1
    33       1
    34       1
    35       1
    36       1
    37       1

 Reading esp"s for molecule   1
 total number of atoms      =    37
 total number of esp points = 10790


 center     X       Y       Z 
    1   0.1281858E+00  -0.2934673E+01  -0.1109458E-01
    2  -0.2600163E+01  -0.2466678E+00   0.1042713E+00
    3  -0.3244486E+01   0.1653648E+01  -0.1362630E+01
    4  -0.6363153E+01   0.9845510E+00   0.1462311E+01
    5  -0.5652811E+01   0.2516616E+01  -0.5247429E+00
    6  -0.4487088E+01  -0.6322513E+00   0.1884125E+01
    7  -0.8640704E+01   0.7737540E+00   0.3046000E+01
    8  -0.8308209E+01  -0.5199638E+00   0.4633275E+01
    9  -0.9216435E+01   0.2644091E+01   0.3744054E+01
   10  -0.1022886E+02   0.7032048E-01   0.1895097E+01
   11   0.1546325E+01   0.2189756E+01   0.3960072E+01
   12   0.2789415E+01   0.2569506E+01   0.5581002E+01
   13   0.4047566E+00   0.3910251E+01   0.3705450E+01
   14   0.3252218E+00   0.5708994E+00   0.4381186E+01
   15  -0.7119240E+01   0.4496478E+01  -0.1597166E+01
   16  -0.6140538E+01   0.5810116E+01  -0.3235997E+01
   17  -0.9288453E+01   0.4780676E+01  -0.8272861E+00
   18   0.2768587E+01  -0.2527679E+00   0.1923911E+00
   19   0.3100496E+01   0.1717935E+01   0.1678135E+01
   20   0.5943147E+01   0.1906284E+01  -0.1501166E+01
   21   0.5131918E+01   0.3150398E+01   0.6429301E+00
   22   0.4506596E+01  -0.1441105E+00  -0.1773194E+01
   23   0.7936679E+01   0.2365000E+01  -0.3388524E+01
   24   0.7776417E+01   0.4294438E+01  -0.4144876E+01
   25   0.9806453E+01   0.2248899E+01  -0.2479424E+01
   26   0.7818392E+01   0.9685998E+00  -0.4917776E+01
   27  -0.1662783E+01   0.2543416E+01  -0.3494935E+01
   28  -0.9375705E+00   0.4452794E+01  -0.3096369E+01
   29  -0.9606989E-01   0.1238876E+01  -0.3861292E+01
   30  -0.2831233E+01   0.2729103E+01  -0.5202605E+01
   31   0.6161425E+01   0.5445414E+01   0.1613201E+01
   32   0.5157886E+01   0.6386384E+01   0.3473670E+01
   33   0.7994537E+01   0.6347408E+01   0.5194195E+00
   34   0.3197269E+01  -0.6076353E+01  -0.1548763E+00
   35  -0.3302687E+01  -0.6190064E+01   0.1313579E+01
   36  -0.2674253E+01  -0.5619140E+01  -0.3201971E+00
   37  -0.1943183E+01  -0.7123292E+01  -0.1110902E+01
 Initial ssvpot =   112.701


 Number of unique UNfrozen centers=   37

 Non-linear optimization requested.
 qchnge =    0.5358102918E-01
 qchnge =    0.3153988464E-02
 qchnge =    0.4591447853E-03
 qchnge =    0.7669497396E-04
 qchnge =    0.1320568660E-04
 qchnge =    0.2293844905E-05
 qchnge =    0.3997201812E-06

 Convergence in    6 iterations


Resp charges for organic molecule                                               

          Point Charges Before & After Optimization

    no.  At.no.    q(init)       q(opt)     ivary    d(rstr)/dq
    1  78       0.000000       0.103983      0       0.003466
    2   7       0.000000       0.183460      0       0.002393
    3   6       0.000000       0.123718      0       0.003143
    4   6       0.000000       0.334154      0       0.001433
    5   6       0.000000      -0.251054      0       0.001850
    6   8       0.000000      -0.171293      0       0.002521
    7   6       0.000000      -0.303838      0       0.001563
    8   1       0.000000       0.134404      0       0.000000
    9   1       0.000000       0.152152      0       0.000000
   10   1       0.000000       0.153357      0       0.000000
   11   6       0.000000      -0.130562      0       0.003040
   12   1       0.000000       0.140544      0       0.000000
   13   1       0.000000       0.094615      0       0.000000
   14   1       0.000000       0.002040      0       0.000000
   15   7       0.000000       0.777595      0       0.000638
   16   8       0.000000      -0.381089      0       0.001269
   17   8       0.000000      -0.390251      0       0.001241
   18   7       0.000000      -0.027664      0       0.004819
   19   6       0.000000       0.218997      0       0.002077
   20   6       0.000000       0.436532      0       0.001116
   21   6       0.000000      -0.296840      0       0.001596
   22   8       0.000000      -0.152142      0       0.002746
   23   6       0.000000      -0.328813      0       0.001455
   24   1       0.000000       0.140657      0       0.000000
   25   1       0.000000       0.165856      0       0.000000
   26   1       0.000000       0.138624      0       0.000000
   27   6       0.000000      -0.259138      0       0.001800
   28   1       0.000000       0.128597      0       0.000000
   29   1       0.000000       0.068243      0       0.000000
   30   1       0.000000       0.164530      0       0.000000
   31   7       0.000000       0.764498      0       0.000648
   32   8       0.000000      -0.387864      0       0.001248
   33   8       0.000000      -0.384765      0       0.001258
   34  17       0.000000      -0.261361      0       0.001787
   35   1       0.000000       0.408079      0       0.000000
   36   8       0.000000      -0.533670      0       0.000921
   37   1       0.000000       0.425709      0       0.000000

 Sum over the calculated charges:      1.000

        Statistics of the fitting:
  The initial sum of squares (ssvpot)                    112.701
  The residual sum of squares (chipot)                     0.051
  The std err of estimate (sqrt(chipot/N))               0.00216
  ESP relative RMS (SQRT(chipot/ssvpot))                 0.02118

 Center of Mass (Angst.):

 X  =   0.00000      Y  =   0.00000      Z  =   0.00000

 Dipole (Debye):

 X  =  -3.90727      Y  =  -2.57805      Z  =   0.55457

 Dipole Moment (Debye)=   4.71388

 Quadrupole (Debye*Angst.):

 Qxx =  51.87071     QYY = -43.13939     QZZ =  -8.73132
 Qxy =   8.20939     QXZ =-114.61396     QYZ = -60.72725
